2024-02-05 10:31:04 [ERROR] o.s.b.d.LoggingFailureAnalysisReporter - 

***************************
APPLICATION FAILED TO START
***************************

Description:

Field rq in com.example.demo.controller.UsrArticleController required a bean of type 'com.example.demo.vo.Rq' that could not be found.

The injection point has the following annotations:
	- @org.springframework.beans.factory.annotation.Autowired(required=true)


Action:

Consider defining a bean of type 'com.example.demo.vo.Rq' in your configuration.

2024-02-05 10:31:12 [ERROR] o.s.b.d.LoggingFailureAnalysisReporter - 

***************************
APPLICATION FAILED TO START
***************************

Description:

Field rq in com.example.demo.controller.UsrArticleController required a bean of type 'com.example.demo.vo.Rq' that could not be found.

The injection point has the following annotations:
	- @org.springframework.beans.factory.annotation.Autowired(required=true)


Action:

Consider defining a bean of type 'com.example.demo.vo.Rq' in your configuration.

2024-02-05 10:31:28 [ERROR] o.s.b.d.LoggingFailureAnalysisReporter - 

***************************
APPLICATION FAILED TO START
***************************

Description:

Field rq in com.example.demo.controller.UsrArticleController required a bean of type 'com.example.demo.vo.Rq' that could not be found.

The injection point has the following annotations:
	- @org.springframework.beans.factory.annotation.Autowired(required=true)


Action:

Consider defining a bean of type 'com.example.demo.vo.Rq' in your configuration.

2024-02-05 10:31:34 [ERROR] o.s.b.d.LoggingFailureAnalysisReporter - 

***************************
APPLICATION FAILED TO START
***************************

Description:

Field rq in com.example.demo.controller.UsrArticleController required a bean of type 'com.example.demo.vo.Rq' that could not be found.

The injection point has the following annotations:
	- @org.springframework.beans.factory.annotation.Autowired(required=true)


Action:

Consider defining a bean of type 'com.example.demo.vo.Rq' in your configuration.

2024-02-05 10:31:41 [ERROR] o.s.b.d.LoggingFailureAnalysisReporter - 

***************************
APPLICATION FAILED TO START
***************************

Description:

Field rq in com.example.demo.controller.UsrArticleController required a bean of type 'com.example.demo.vo.Rq' that could not be found.

The injection point has the following annotations:
	- @org.springframework.beans.factory.annotation.Autowired(required=true)


Action:

Consider defining a bean of type 'com.example.demo.vo.Rq' in your configuration.

